<?xml version="1.0" encoding="utf-8"?><testsuites name="pytest tests"><testsuite name="pytest" errors="0" failures="0" skipped="0" tests="30" time="4.725" timestamp="2026-04-18T22:38:50.234376+00:00" hostname="agent-env-8e4eff7a-f203-437c-bf63-436dfdeb94a8"><testcase classname="backend.tests.test_iteration6.TestReferrals" name="test_admin_get_referrals_me" time="0.419" /><testcase classname="backend.tests.test_iteration6.TestReferrals" name="test_referrals_me_unauthenticated" time="0.101" /><testcase classname="backend.tests.test_iteration6.TestReferrals" name="test_new_user_gets_referral_code" time="0.409" /><testcase classname="backend.tests.test_iteration6.TestReferralSignup" name="test_register_with_valid_referral_code" time="0.491" /><testcase classname="backend.tests.test_iteration6.TestReferralSignup" name="test_register_with_invalid_referral_code_succeeds" time="0.334" /><testcase classname="backend.tests.test_iteration6.TestReferralSignup" name="test_referrer_plan_extended_by_30_days" time="0.061" /><testcase classname="backend.tests.test_iteration6.TestResaleEstimator" name="test_resale_estimate_status_200" time="0.107" /><testcase classname="backend.tests.test_iteration6.TestResaleEstimator" name="test_resale_estimate_required_fields" time="0.110" /><testcase classname="backend.tests.test_iteration6.TestResaleEstimator" name="test_resale_estimate_breakeven_in_range" time="0.114" /><testcase classname="backend.tests.test_iteration6.TestResaleEstimator" name="test_resale_estimate_target_price_gt_breakeven" time="0.114" /><testcase classname="backend.tests.test_iteration6.TestResaleEstimator" name="test_resale_estimate_projected_net_in_hand" time="0.146" /><testcase classname="backend.tests.test_iteration6.TestResaleEstimator" name="test_resale_estimate_without_current_value" time="0.099" /><testcase classname="backend.tests.test_iteration6.TestResaleEstimator" name="test_resale_estimate_assumptions_block" time="0.115" /><testcase classname="backend.tests.test_iteration6.TestLoanOptimizer" name="test_loan_optimizer_status_200" time="0.115" /><testcase classname="backend.tests.test_iteration6.TestLoanOptimizer" name="test_loan_optimizer_required_fields" time="0.104" /><testcase classname="backend.tests.test_iteration6.TestLoanOptimizer" name="test_loan_optimizer_grid_has_20_rows" time="0.111" /><testcase classname="backend.tests.test_iteration6.TestLoanOptimizer" name="test_loan_optimizer_grid_dp_range" time="0.105" /><testcase classname="backend.tests.test_iteration6.TestLoanOptimizer" name="test_loan_optimizer_cashflow_neutral_around_60pct" time="0.102" /><testcase classname="backend.tests.test_iteration6.TestLoanOptimizer" name="test_loan_optimizer_costs_monthly" time="0.106" /><testcase classname="backend.tests.test_iteration6.TestPortfolioVsInvestments" name="test_vs_investments_admin" time="0.056" /><testcase classname="backend.tests.test_iteration6.TestPortfolioVsInvestments" name="test_vs_investments_has_series" time="0.056" /><testcase classname="backend.tests.test_iteration6.TestPortfolioVsInvestments" name="test_vs_investments_row_fields" time="0.054" /><testcase classname="backend.tests.test_iteration6.TestPortfolioVsInvestments" name="test_vs_investments_unauthenticated" time="0.104" /><testcase classname="backend.tests.test_iteration6.TestRegression" name="test_auth_login_admin" time="0.331" /><testcase classname="backend.tests.test_iteration6.TestRegression" name="test_auth_me" time="0.057" /><testcase classname="backend.tests.test_iteration6.TestRegression" name="test_register_basic" time="0.327" /><testcase classname="backend.tests.test_iteration6.TestRegression" name="test_billing_plans" time="0.105" /><testcase classname="backend.tests.test_iteration6.TestRegression" name="test_cashflow_calc" time="0.118" /><testcase classname="backend.tests.test_iteration6.TestRegression" name="test_emi_calc" time="0.098" /><testcase classname="backend.tests.test_iteration6.TestRegression" name="test_admin_stats" time="0.057" /></testsuite></testsuites>