<?xml version="1.0" encoding="utf-8"?><testsuites name="pytest tests"><testsuite name="pytest" errors="0" failures="0" skipped="0" tests="9" time="1.833" timestamp="2026-04-20T16:49:07.162893+00:00" hostname="agent-env-8e4eff7a-f203-437c-bf63-436dfdeb94a8"><testcase classname="backend.tests.test_iteration17.TestOdcfShareCreate" name="test_anon_blocked_401" time="0.313" /><testcase classname="backend.tests.test_iteration17.TestOdcfShareCreate" name="test_demo_create_share" time="0.236" /><testcase classname="backend.tests.test_iteration17.TestOdcfShareGet" name="test_get_share_public_no_user_id" time="0.169" /><testcase classname="backend.tests.test_iteration17.TestOdcfShareGet" name="test_get_unknown_404" time="0.119" /><testcase classname="backend.tests.test_iteration17.TestListShares" name="test_anon_blocked" time="0.182" /><testcase classname="backend.tests.test_iteration17.TestListShares" name="test_list_includes_odcf" time="0.067" /><testcase classname="backend.tests.test_iteration17.TestListShares" name="test_list_summary_shape_for_comparison" time="0.065" /><testcase classname="backend.tests.test_iteration17.TestDeleteOdcfShare" name="test_non_owner_cannot_delete" time="0.429" /><testcase classname="backend.tests.test_iteration17.TestDeleteOdcfShare" name="test_owner_deletes" time="0.176" /></testsuite></testsuites>