<?xml version="1.0" encoding="utf-8"?><testsuites name="pytest tests"><testsuite name="pytest" errors="0" failures="0" skipped="0" tests="11" time="1.130" timestamp="2026-04-20T17:19:14.059384+00:00" hostname="agent-env-8e4eff7a-f203-437c-bf63-436dfdeb94a8"><testcase classname="backend.tests.test_iteration18.TestRentalSnowballCalc" name="test_anonymous_calc_default_scenario" time="0.263" /><testcase classname="backend.tests.test_iteration18.TestRentalSnowballCalc" name="test_empty_target_flats_returns_400" time="0.057" /><testcase classname="backend.tests.test_iteration18.TestRentalSnowballCalc" name="test_desired_buy_month_forces_purchase" time="0.063" /><testcase classname="backend.tests.test_iteration18.TestRentalSnowballCalc" name="test_uc_pre_emi_then_emi_after_possession" time="0.059" /><testcase classname="backend.tests.test_iteration18.TestSnowballShare" name="test_anon_create_share_returns_401" time="0.057" /><testcase classname="backend.tests.test_iteration18.TestSnowballShare" name="test_demo_creates_share" time="0.228" /><testcase classname="backend.tests.test_iteration18.TestSnowballShare" name="test_get_share_public_no_user_leak" time="0.063" /><testcase classname="backend.tests.test_iteration18.TestSnowballShare" name="test_list_shares_includes_snowball" time="0.055" /><testcase classname="backend.tests.test_iteration18.TestSnowballShare" name="test_get_unknown_share_404" time="0.054" /><testcase classname="backend.tests.test_iteration18.TestSnowballShare" name="test_cleanup_owner_delete" time="0.109" /><testcase classname="backend.tests.test_iteration18.TestOdcfRegression" name="test_existing_odcf_share_still_works" time="0.057" /></testsuite></testsuites>