<?xml version="1.0" encoding="utf-8"?><testsuites name="pytest tests"><testsuite name="pytest" errors="0" failures="0" skipped="0" tests="24" time="3.061" timestamp="2026-04-18T23:30:49.605707+00:00" hostname="agent-env-8e4eff7a-f203-437c-bf63-436dfdeb94a8"><testcase classname="backend.tests.test_iteration7.TestGoogleSession" name="test_missing_session_id_body" time="0.123" /><testcase classname="backend.tests.test_iteration7.TestGoogleSession" name="test_invalid_session_id" time="0.253" /><testcase classname="backend.tests.test_iteration7.TestTenantsCRUD" name="test_list_requires_auth" time="0.116" /><testcase classname="backend.tests.test_iteration7.TestTenantsCRUD" name="test_create_tenant" time="0.441" /><testcase classname="backend.tests.test_iteration7.TestTenantsCRUD" name="test_list_tenants_contains_created" time="0.047" /><testcase classname="backend.tests.test_iteration7.TestTenantsCRUD" name="test_update_tenant" time="0.101" /><testcase classname="backend.tests.test_iteration7.TestTenantsCRUD" name="test_create_tenant_invalid_property" time="0.045" /><testcase classname="backend.tests.test_iteration7.TestRentReceipts" name="test_create_receipt" time="0.046" /><testcase classname="backend.tests.test_iteration7.TestRentReceipts" name="test_list_receipts" time="0.050" /><testcase classname="backend.tests.test_iteration7.TestRentReceipts" name="test_pdf_download" time="0.051" /><testcase classname="backend.tests.test_iteration7.TestRentReceipts" name="test_pdf_unknown_receipt" time="0.047" /><testcase classname="backend.tests.test_iteration7.TestBuilderPlan" name="test_builder_plan_compare" time="0.119" /><testcase classname="backend.tests.test_iteration7.TestFeedback" name="test_feedback_requires_auth" time="0.102" /><testcase classname="backend.tests.test_iteration7.TestFeedback" name="test_create_feedback" time="0.052" /><testcase classname="backend.tests.test_iteration7.TestFeedback" name="test_empty_message_rejected" time="0.050" /><testcase classname="backend.tests.test_iteration7.TestFeedback" name="test_admin_list_feedback" time="0.373" /><testcase classname="backend.tests.test_iteration7.TestFeedback" name="test_non_admin_cannot_list_feedback" time="0.050" /><testcase classname="backend.tests.test_iteration7.TestFeedback" name="test_admin_update_feedback_status" time="0.097" /><testcase classname="backend.tests.test_iteration7.TestAdminExtendTrial" name="test_extend_trial" time="0.146" /><testcase classname="backend.tests.test_iteration7.TestAdminExtendTrial" name="test_invalid_user_id" time="0.048" /><testcase classname="backend.tests.test_iteration7.TestRegression" name="test_login" time="0.351" /><testcase classname="backend.tests.test_iteration7.TestRegression" name="test_properties_crud" time="0.141" /><testcase classname="backend.tests.test_iteration7.TestRegression" name="test_portfolio_summary" time="0.048" /><testcase classname="backend.tests.test_iteration7.TestRegression" name="test_compare_endpoint" time="0.092" /></testsuite></testsuites>