<?xml version="1.0" encoding="utf-8"?><testsuites name="pytest tests"><testsuite name="pytest" errors="0" failures="0" skipped="0" tests="34" time="6.547" timestamp="2026-04-18T22:00:11.336799+00:00" hostname="agent-env-8e4eff7a-f203-437c-bf63-436dfdeb94a8"><testcase classname="backend.tests.test_iteration5.TestBillingPlans" name="test_plans_returns_200" time="0.280" /><testcase classname="backend.tests.test_iteration5.TestBillingPlans" name="test_plans_currency_inr" time="0.155" /><testcase classname="backend.tests.test_iteration5.TestBillingPlans" name="test_plans_trial_days_10" time="0.133" /><testcase classname="backend.tests.test_iteration5.TestBillingPlans" name="test_plans_has_3_plans" time="0.147" /><testcase classname="backend.tests.test_iteration5.TestBillingPlans" name="test_plans_has_razorpay_key" time="0.106" /><testcase classname="backend.tests.test_iteration5.TestBillingPlans" name="test_plans_monthly_999" time="0.139" /><testcase classname="backend.tests.test_iteration5.TestBillingPlans" name="test_plans_yearly_9999" time="0.111" /><testcase classname="backend.tests.test_iteration5.TestRegisterTrial" name="test_register_returns_pro_trial" time="0.381" /><testcase classname="backend.tests.test_iteration5.TestBillingMe" name="test_billing_me_returns_state" time="0.377" /><testcase classname="backend.tests.test_iteration5.TestBillingMe" name="test_billing_me_trial_is_pro" time="0.050" /><testcase classname="backend.tests.test_iteration5.TestCreateOrder" name="test_create_order_monthly" time="0.970" /><testcase classname="backend.tests.test_iteration5.TestCreateOrder" name="test_create_order_yearly" time="0.386" /><testcase classname="backend.tests.test_iteration5.TestCreateOrder" name="test_create_order_invalid_plan" time="0.063" /><testcase classname="backend.tests.test_iteration5.TestCreateOrder" name="test_create_order_requires_auth" time="0.115" /><testcase classname="backend.tests.test_iteration5.TestVerifyPayment" name="test_bad_signature_returns_400" time="0.370" /><testcase classname="backend.tests.test_iteration5.TestVerifyPayment" name="test_valid_signature_upgrades_user" time="0.738" /><testcase classname="backend.tests.test_iteration5.TestAdmin" name="test_stats_returns_200_for_admin" time="0.052" /><testcase classname="backend.tests.test_iteration5.TestAdmin" name="test_stats_structure" time="0.063" /><testcase classname="backend.tests.test_iteration5.TestAdmin" name="test_stats_non_admin_returns_403" time="0.047" /><testcase classname="backend.tests.test_iteration5.TestAdmin" name="test_admin_users_list" time="0.050" /><testcase classname="backend.tests.test_iteration5.TestAdmin" name="test_admin_users_non_admin_403" time="0.047" /><testcase classname="backend.tests.test_iteration5.TestAdmin" name="test_admin_transactions" time="0.049" /><testcase classname="backend.tests.test_iteration5.TestAdmin" name="test_admin_action_grant_pro" time="0.095" /><testcase classname="backend.tests.test_iteration5.TestAdmin" name="test_admin_action_invalid_returns_400" time="0.094" /><testcase classname="backend.tests.test_iteration5.TestAdmin" name="test_admin_self_demote_blocked" time="0.138" /><testcase classname="backend.tests.test_iteration5.TestCashflowPositive" name="test_feasible_returns_200" time="0.165" /><testcase classname="backend.tests.test_iteration5.TestCashflowPositive" name="test_feasible_true_with_good_params" time="0.127" /><testcase classname="backend.tests.test_iteration5.TestCashflowPositive" name="test_infeasible_with_bad_params" time="0.096" /><testcase classname="backend.tests.test_iteration5.TestCashflowPositive" name="test_cashflow_positive_public_no_auth" time="0.105" /><testcase classname="backend.tests.test_iteration5.TestPortfolioVsInvestments" name="test_empty_returns_empty_series" time="0.058" /><testcase classname="backend.tests.test_iteration5.TestPortfolioVsInvestments" name="test_requires_auth" time="0.103" /><testcase classname="backend.tests.test_iteration5.TestProGated" name="test_compare_export_csv_requires_pro" time="0.401" /><testcase classname="backend.tests.test_iteration5.TestProGated" name="test_compare_export_csv_requires_auth" time="0.097" /><testcase classname="backend.tests.test_iteration5.TestProGated" name="test_advisor_chat_requires_auth" time="0.128" /></testsuite></testsuites>