<?xml version="1.0" encoding="utf-8"?><testsuites name="pytest tests"><testsuite name="pytest" errors="0" failures="0" skipped="0" tests="19" time="2.058" timestamp="2026-04-18T21:16:34.434666+00:00" hostname="agent-env-8e4eff7a-f203-437c-bf63-436dfdeb94a8"><testcase classname="backend.tests.test_iteration4" name="test_create_sold_property" time="0.534" /><testcase classname="backend.tests.test_iteration4" name="test_list_sold_filter" time="0.053" /><testcase classname="backend.tests.test_iteration4" name="test_list_evaluating_filter" time="0.150" /><testcase classname="backend.tests.test_iteration4" name="test_list_owned_filter" time="0.049" /><testcase classname="backend.tests.test_iteration4" name="test_update_to_sold" time="0.171" /><testcase classname="backend.tests.test_iteration4" name="test_portfolio_summary_has_new_keys" time="0.052" /><testcase classname="backend.tests.test_iteration4" name="test_portfolio_summary_sold_items_structure" time="0.053" /><testcase classname="backend.tests.test_iteration4" name="test_portfolio_summary_koramangala_gain" time="0.050" /><testcase classname="backend.tests.test_iteration4" name="test_portfolio_summary_net_worth_equals_equity_plus_realized" time="0.048" /><testcase classname="backend.tests.test_iteration4" name="test_portfolio_timeline_structure" time="0.048" /><testcase classname="backend.tests.test_iteration4" name="test_portfolio_timeline_series_fields" time="0.056" /><testcase classname="backend.tests.test_iteration4" name="test_portfolio_timeline_earliest_year_2019" time="0.050" /><testcase classname="backend.tests.test_iteration4" name="test_portfolio_timeline_series_length" time="0.059" /><testcase classname="backend.tests.test_iteration4" name="test_portfolio_timeline_realized_gains_from_2024" time="0.075" /><testcase classname="backend.tests.test_iteration4" name="test_portfolio_timeline_no_value_for_sold_after_sold_year" time="0.048" /><testcase classname="backend.tests.test_iteration4" name="test_portfolio_timeline_auth_required" time="0.167" /><testcase classname="backend.tests.test_iteration4" name="test_portfolio_summary_backward_compat" time="0.054" /><testcase classname="backend.tests.test_iteration4" name="test_create_property_without_status_defaults_evaluating" time="0.095" /><testcase classname="backend.tests.test_iteration4" name="test_cleanup_sold_property" time="0.047" /></testsuite></testsuites>