<?xml version="1.0" encoding="utf-8"?><testsuites name="pytest tests"><testsuite name="pytest" errors="0" failures="0" skipped="0" tests="11" time="1.688" timestamp="2026-04-19T01:51:40.879397+00:00" hostname="agent-env-8e4eff7a-f203-437c-bf63-436dfdeb94a8"><testcase classname="backend.tests.test_iteration10.TestDemoLogin" name="test_demo_login_creates_user" time="0.122" /><testcase classname="backend.tests.test_iteration10.TestDemoLogin" name="test_demo_login_idempotent" time="0.160" /><testcase classname="backend.tests.test_iteration10.TestDemoLogin" name="test_demo_properties_seeded" time="0.050" /><testcase classname="backend.tests.test_iteration10.TestWill" name="test_get_will_empty" time="0.047" /><testcase classname="backend.tests.test_iteration10.TestWill" name="test_post_will_and_get" time="0.154" /><testcase classname="backend.tests.test_iteration10.TestWill" name="test_will_pdf" time="0.062" /><testcase classname="backend.tests.test_iteration10.TestWill" name="test_will_pdf_404_for_nonwill_user" time="0.376" /><testcase classname="backend.tests.test_iteration10.TestCarVsProperty" name="test_new_schema" time="0.114" /><testcase classname="backend.tests.test_iteration10.TestUCProjection" name="test_pre_emi_by_builder" time="0.260" /><testcase classname="backend.tests.test_iteration10.TestBreakevenRtmUc" name="test_subvention_and_xirr" time="0.133" /><testcase classname="backend.tests.test_iteration10.TestLoanOptimizer" name="test_leverage_xirr" time="0.116" /></testsuite></testsuites>