<?xml version="1.0" encoding="utf-8"?><testsuites name="pytest tests"><testsuite name="pytest" errors="0" failures="0" skipped="0" tests="12" time="2.240" timestamp="2026-04-19T05:57:33.406993+00:00" hostname="agent-env-8e4eff7a-f203-437c-bf63-436dfdeb94a8"><testcase classname="backend.tests.test_iteration12.TestRegression" name="test_demo_login_and_me" time="0.245" /><testcase classname="backend.tests.test_iteration12.TestRegression" name="test_properties_lists_demo_props" time="0.051" /><testcase classname="backend.tests.test_iteration12.TestRegression" name="test_calc_endpoint_responds" time="0.040" /><testcase classname="backend.tests.test_iteration12.TestMarket" name="test_nearby_no_filter" time="0.042" /><testcase classname="backend.tests.test_iteration12.TestMarket" name="test_nearby_with_city" time="0.122" /><testcase classname="backend.tests.test_iteration12.TestMarket" name="test_contribute" time="0.163" /><testcase classname="backend.tests.test_iteration12.TestAadhaar" name="test_initiate_validation" time="0.052" /><testcase classname="backend.tests.test_iteration12.TestAadhaar" name="test_initiate_and_confirm_self" time="0.165" /><testcase classname="backend.tests.test_iteration12.TestAadhaar" name="test_tenant_aadhaar_flow" time="0.301" /><testcase classname="backend.tests.test_iteration12.TestWill" name="test_lawyer_review" time="0.416" /><testcase classname="backend.tests.test_iteration12.TestWill" name="test_witness_invite_and_sign" time="0.406" /><testcase classname="backend.tests.test_iteration12.TestWill" name="test_notify_beneficiaries" time="0.147" /></testsuite></testsuites>