<?xml version="1.0" encoding="utf-8"?><testsuites name="pytest tests"><testsuite name="pytest" errors="0" failures="0" skipped="0" tests="10" time="16.800" timestamp="2026-04-19T03:01:42.611161+00:00" hostname="agent-env-8e4eff7a-f203-437c-bf63-436dfdeb94a8"><testcase classname="backend.tests.test_iteration11.TestDemoLogin" name="test_demo_login_returns_pro" time="0.269" /><testcase classname="backend.tests.test_iteration11.TestDemoLogin" name="test_demo_seeded_properties" time="0.204" /><testcase classname="backend.tests.test_iteration11.TestWillAIDraft" name="test_ai_draft_requires_auth" time="0.146" /><testcase classname="backend.tests.test_iteration11.TestWillAIDraft" name="test_ai_draft_no_properties_400" time="0.435" /><testcase classname="backend.tests.test_iteration11.TestWillAIDraft" name="test_ai_draft_happy_path" time="7.498" /><testcase classname="backend.tests.test_iteration11.TestListings" name="test_generate_requires_auth" time="0.172" /><testcase classname="backend.tests.test_iteration11.TestListings" name="test_generate_invalid_property_id_404" time="0.053" /><testcase classname="backend.tests.test_iteration11.TestListings" name="test_generate_no_ai" time="0.133" /><testcase classname="backend.tests.test_iteration11.TestListings" name="test_generate_with_ai" time="7.736" /><testcase classname="backend.tests.test_iteration11.TestListings" name="test_list_my_listings" time="0.057" /></testsuite></testsuites>