<?xml version="1.0" encoding="utf-8"?><testsuites name="pytest tests"><testsuite name="pytest" errors="0" failures="0" skipped="0" tests="12" time="1.238" timestamp="2026-04-18T23:57:25.586620+00:00" hostname="agent-env-8e4eff7a-f203-437c-bf63-436dfdeb94a8"><testcase classname="backend.tests.test_iteration8.TestWealthNarrative" name="test_wealth_narrative_basic" time="0.221" /><testcase classname="backend.tests.test_iteration8.TestWealthNarrative" name="test_wealth_narrative_tier3_no_premium" time="0.047" /><testcase classname="backend.tests.test_iteration8.TestLoanOptimizerUC" name="test_under_construction_clp" time="0.044" /><testcase classname="backend.tests.test_iteration8.TestLoanOptimizerUC" name="test_subvention_zeros_pre_emi" time="0.046" /><testcase classname="backend.tests.test_iteration8.TestRentForCashflow" name="test_basic" time="0.049" /><testcase classname="backend.tests.test_iteration8.TestResaleEstimate" name="test_avg_rent_from_min_current" time="0.059" /><testcase classname="backend.tests.test_iteration8.TestPrepayment" name="test_four_scenarios" time="0.051" /><testcase classname="backend.tests.test_iteration8.TestBuilderProjects" name="test_list_all" time="0.048" /><testcase classname="backend.tests.test_iteration8.TestBuilderProjects" name="test_city_filter_bengaluru" time="0.046" /><testcase classname="backend.tests.test_iteration8.TestBuilderProjects" name="test_area_filter_whitefield" time="0.047" /><testcase classname="backend.tests.test_iteration8.TestBuilderProjects" name="test_community_submit_requires_auth" time="0.107" /><testcase classname="backend.tests.test_iteration8.TestBuilderProjects" name="test_community_submit_authenticated" time="0.381" /></testsuite></testsuites>