<?xml version="1.0" encoding="utf-8"?><testsuites name="pytest tests"><testsuite name="pytest" errors="0" failures="0" skipped="0" tests="4" time="31.573" timestamp="2026-04-20T17:45:59.508415+00:00" hostname="agent-env-8e4eff7a-f203-437c-bf63-436dfdeb94a8"><testcase classname="backend.tests.test_iteration19.TestSnowballAiNarrative" name="test_anon_requires_auth" time="0.405" /><testcase classname="backend.tests.test_iteration19.TestSnowballAiNarrative" name="test_authenticated_returns_3_paragraph_letter" time="17.412" /><testcase classname="backend.tests.test_iteration19.TestSnowballAiNarrative" name="test_invalid_payload_400" time="13.613" /><testcase classname="backend.tests.test_iteration19.TestSharesListRegression" name="test_list_returns_discriminated_shape" time="0.068" /></testsuite></testsuites>