<?xml version="1.0" encoding="utf-8"?><testsuites name="pytest tests"><testsuite name="pytest" errors="0" failures="0" skipped="0" tests="20" time="5.122" timestamp="2026-04-19T15:29:04.452079+00:00" hostname="agent-env-8e4eff7a-f203-437c-bf63-436dfdeb94a8"><testcase classname="backend.tests.test_iteration14.TestLawyerRegistration" name="test_register_returns_role_lawyer" time="0.446" /><testcase classname="backend.tests.test_iteration14.TestLawyerRegistration" name="test_duplicate_email_409" time="0.106" /><testcase classname="backend.tests.test_iteration14.TestPublicLawyerList" name="test_list_only_verified" time="0.106" /><testcase classname="backend.tests.test_iteration14.TestLawyerProfile" name="test_me_returns_profile" time="0.376" /><testcase classname="backend.tests.test_iteration14.TestLawyerProfile" name="test_update_profile_persists" time="0.096" /><testcase classname="backend.tests.test_iteration14.TestLawyerProfile" name="test_me_reviews_returns_list" time="0.048" /><testcase classname="backend.tests.test_iteration14.TestAdminLawyers" name="test_list_all_requires_admin" time="0.391" /><testcase classname="backend.tests.test_iteration14.TestAdminLawyers" name="test_non_admin_forbidden" time="0.146" /><testcase classname="backend.tests.test_iteration14.TestAdminLawyers" name="test_verify_toggle" time="0.666" /><testcase classname="backend.tests.test_iteration14.TestAdminLawyers" name="test_non_admin_verify_forbidden" time="0.046" /><testcase classname="backend.tests.test_iteration14.TestBookLawyer" name="test_book_no_will_returns_404" time="0.397" /><testcase classname="backend.tests.test_iteration14.TestBookLawyer" name="test_book_unverified_lawyer_404" time="0.090" /><testcase classname="backend.tests.test_iteration14.TestBookLawyer" name="test_book_verified_lawyer_returns_live_key" time="0.899" /><testcase classname="backend.tests.test_iteration14.TestBookLawyer" name="test_verify_signature_mismatch" time="0.046" /><testcase classname="backend.tests.test_iteration14.TestEndorse" name="test_endorse_pending_review_400" time="0.517" /><testcase classname="backend.tests.test_iteration14.TestEndorse" name="test_endorse_invalid_token_404" time="0.123" /><testcase classname="backend.tests.test_iteration14.TestBilling" name="test_billing_order_returns_live_key" time="0.318" /><testcase classname="backend.tests.test_iteration14.TestBilling" name="test_billing_order_pro" time="0.043" /><testcase classname="backend.tests.test_iteration14.TestRegression" name="test_demo_login_still_works" time="0.113" /><testcase classname="backend.tests.test_iteration14.TestRegression" name="test_login_role_lawyer_returns_lawyer_role" time="0.051" /></testsuite></testsuites>