<?xml version="1.0" encoding="utf-8"?><testsuites name="pytest tests"><testsuite name="pytest" errors="0" failures="0" skipped="1" tests="14" time="3.695" timestamp="2026-04-19T16:14:17.809058+00:00" hostname="agent-env-8e4eff7a-f203-437c-bf63-436dfdeb94a8"><testcase classname="backend.tests.test_iteration15.TestRegisterRefactor" name="test_register_new_user_sets_trial_pro" time="0.415" /><testcase classname="backend.tests.test_iteration15.TestRegisterRefactor" name="test_register_with_referral_applies_reward" time="0.402"><skipped type="pytest.skip" message="referral_code not exposed on /auth/me — cannot verify referral reward">/app/backend/tests/test_iteration15.py:76: referral_code not exposed on /auth/me — cannot verify referral reward</skipped></testcase><testcase classname="backend.tests.test_iteration15.TestResaleEstimate" name="test_resale_estimate_returns_key_fields" time="0.115" /><testcase classname="backend.tests.test_iteration15.TestResaleEstimate" name="test_resale_estimate_numbers_in_expected_range" time="0.099" /><testcase classname="backend.tests.test_iteration15.TestPortfolioRefactor" name="test_summary_shape_and_no_raw_leak" time="0.162" /><testcase classname="backend.tests.test_iteration15.TestPortfolioRefactor" name="test_timeline_shape" time="0.050" /><testcase classname="backend.tests.test_iteration15.TestExportPdf" name="test_export_pdf_returns_valid_pdf" time="0.104" /><testcase classname="backend.tests.test_iteration15.TestAuthBillingRegression" name="test_demo_login" time="0.160" /><testcase classname="backend.tests.test_iteration15.TestAuthBillingRegression" name="test_billing_create_order_live_key" time="0.878" /><testcase classname="backend.tests.test_iteration15.TestLawyerRegression" name="test_public_lawyers_includes_seeded" time="0.110" /><testcase classname="backend.tests.test_iteration15.TestLawyerRegression" name="test_book_lawyer_live_order" time="0.458" /><testcase classname="backend.tests.test_iteration15.TestLawyerRegression" name="test_endorse_pending_400" time="0.130" /><testcase classname="backend.tests.test_iteration15.TestLawyerRegression" name="test_endorse_bad_token_404" time="0.139" /><testcase classname="backend.tests.test_iteration15.TestLawyerRegression" name="test_admin_lawyers_list" time="0.379" /></testsuite></testsuites>