<?xml version="1.0" encoding="utf-8"?><testsuites name="pytest tests"><testsuite name="pytest" errors="0" failures="0" skipped="0" tests="13" time="5.805" timestamp="2026-04-19T00:48:57.481151+00:00" hostname="agent-env-8e4eff7a-f203-437c-bf63-436dfdeb94a8"><testcase classname="backend.tests.test_iteration9.TestProjectsWatchlist" name="test_watch_unwatch_idempotent_and_list" time="0.801" /><testcase classname="backend.tests.test_iteration9.TestXirr" name="test_xirr_basic" time="0.062" /><testcase classname="backend.tests.test_iteration9.TestXirr" name="test_xirr_invalid" time="0.051" /><testcase classname="backend.tests.test_iteration9.TestResaleXirr" name="test_resale_has_xirr" time="0.061" /><testcase classname="backend.tests.test_iteration9.TestCarVsProperty" name="test_basic" time="0.051" /><testcase classname="backend.tests.test_iteration9.TestUCProjection" name="test_basic_clp" time="0.052" /><testcase classname="backend.tests.test_iteration9.TestRtmVsUcBreakeven" name="test_basic" time="0.053" /><testcase classname="backend.tests.test_iteration9.TestTenantPortal" name="test_tenant_login_and_role" time="1.033" /><testcase classname="backend.tests.test_iteration9.TestTenantPortal" name="test_tenant_me_and_receipts" time="0.461" /><testcase classname="backend.tests.test_iteration9.TestTenantPortal" name="test_tenant_me_denied_for_admin" time="0.058" /><testcase classname="backend.tests.test_iteration9.TestTenantPortal" name="test_razorpay_verify_rejects_invalid_signature" time="1.219" /><testcase classname="backend.tests.test_iteration9.TestLegacyTransfer" name="test_admin_legacy_transfer" time="1.421" /><testcase classname="backend.tests.test_iteration9.TestLegacyTransfer" name="test_legacy_transfer_requires_admin" time="0.385" /></testsuite></testsuites>