<?xml version="1.0" encoding="utf-8"?><testsuites name="pytest tests"><testsuite name="pytest" errors="0" failures="0" skipped="0" tests="9" time="2.439" timestamp="2026-04-20T15:45:30.249937+00:00" hostname="agent-env-8e4eff7a-f203-437c-bf63-436dfdeb94a8"><testcase classname="backend.tests.test_iteration16.TestOdCashflow" name="test_od_cashflow_rtm" time="0.282" /><testcase classname="backend.tests.test_iteration16.TestOdCashflow" name="test_od_cashflow_20_80" time="0.152" /><testcase classname="backend.tests.test_iteration16.TestOdCashflow" name="test_od_cashflow_subvention" time="0.238" /><testcase classname="backend.tests.test_iteration16.TestAnalytics" name="test_track_anonymous" time="0.135" /><testcase classname="backend.tests.test_iteration16.TestAnalytics" name="test_track_multiple_routes_then_admin_sees" time="1.020" /><testcase classname="backend.tests.test_iteration16.TestAnalytics" name="test_admin_analytics_requires_auth" time="0.124" /><testcase classname="backend.tests.test_iteration16.TestAnalytics" name="test_admin_analytics_forbids_non_admin" time="0.240" /><testcase classname="backend.tests.test_iteration16.TestAnalytics" name="test_admin_analytics_fields" time="0.058" /><testcase classname="backend.tests.test_iteration16.TestAnalytics" name="test_admin_analytics_window_param" time="0.113" /></testsuite></testsuites>