<?xml version="1.0" encoding="utf-8"?><testsuites name="pytest tests"><testsuite name="pytest" errors="0" failures="0" skipped="0" tests="19" time="1.917" timestamp="2026-04-19T11:50:51.832650+00:00" hostname="agent-env-8e4eff7a-f203-437c-bf63-436dfdeb94a8"><testcase classname="backend.tests.test_iteration13.TestAuth" name="test_demo_login_returns_is_demo_true" time="0.159" /><testcase classname="backend.tests.test_iteration13.TestAuth" name="test_demo_login_me" time="0.152" /><testcase classname="backend.tests.test_iteration13.TestAuth" name="test_google_session_invalid_returns_401" time="0.205" /><testcase classname="backend.tests.test_iteration13.TestLoanOptimizer" name="test_grid_has_20_rows_and_required_keys" time="0.107" /><testcase classname="backend.tests.test_iteration13.TestLoanOptimizer" name="test_summary_keys_present" time="0.100" /><testcase classname="backend.tests.test_iteration13.TestLoanOptimizer" name="test_all_leverage_xirr_non_negative" time="0.101" /><testcase classname="backend.tests.test_iteration13.TestLoanOptimizer" name="test_under_construction_subvention_pre_emi_zero" time="0.099" /><testcase classname="backend.tests.test_iteration13.TestLoanOptimizer" name="test_under_construction_no_subvention_pre_emi_nonzero" time="0.098" /><testcase classname="backend.tests.test_iteration13.TestPublicWillRoutes" name="test_invalid_will_review_token_404" time="0.117" /><testcase classname="backend.tests.test_iteration13.TestPublicWillRoutes" name="test_invalid_witness_sign_token_404" time="0.109" /><testcase classname="backend.tests.test_iteration13.TestPublicWillRoutes" name="test_submit_invalid_will_review_token" time="0.103" /><testcase classname="backend.tests.test_iteration13.TestPublicWillRoutes" name="test_submit_invalid_witness_sign_token" time="0.099" /><testcase classname="backend.tests.test_iteration13.TestCoreSmoke" name="test_properties_demo_has_4" time="0.045" /><testcase classname="backend.tests.test_iteration13.TestCoreSmoke" name="test_portfolio_summary" time="0.049" /><testcase classname="backend.tests.test_iteration13.TestCoreSmoke" name="test_portfolio_timeline" time="0.043" /><testcase classname="backend.tests.test_iteration13.TestCoreSmoke" name="test_portfolio_vs_investments" time="0.046" /><testcase classname="backend.tests.test_iteration13.TestCoreSmoke" name="test_calc_emi" time="0.102" /><testcase classname="backend.tests.test_iteration13.TestCoreSmoke" name="test_referrals_me" time="0.053" /><testcase classname="backend.tests.test_iteration13.TestMarket" name="test_market_nearby_works" time="0.046" /></testsuite></testsuites>