<?xml version="1.0" encoding="utf-8"?><testsuites name="pytest tests"><testsuite name="pytest" errors="0" failures="0" skipped="0" tests="22" time="13.447" timestamp="2026-04-18T20:18:44.576888+00:00" hostname="agent-env-8e4eff7a-f203-437c-bf63-436dfdeb94a8"><testcase classname="backend.tests.test_estima" name="test_health" time="0.184" /><testcase classname="backend.tests.test_estima" name="test_register" time="0.346" /><testcase classname="backend.tests.test_estima" name="test_register_duplicate_email" time="0.099" /><testcase classname="backend.tests.test_estima" name="test_login" time="0.272" /><testcase classname="backend.tests.test_estima" name="test_login_wrong_password" time="0.276" /><testcase classname="backend.tests.test_estima" name="test_me" time="0.044" /><testcase classname="backend.tests.test_estima" name="test_me_no_auth" time="0.045" /><testcase classname="backend.tests.test_estima" name="test_create_property" time="0.044" /><testcase classname="backend.tests.test_estima" name="test_list_properties" time="0.044" /><testcase classname="backend.tests.test_estima" name="test_update_property" time="0.052" /><testcase classname="backend.tests.test_estima" name="test_properties_no_auth" time="0.042" /><testcase classname="backend.tests.test_estima" name="test_calc_emi" time="0.049" /><testcase classname="backend.tests.test_estima" name="test_calc_rent_vs_buy" time="0.047" /><testcase classname="backend.tests.test_estima" name="test_calc_investment_compare" time="0.044" /><testcase classname="backend.tests.test_estima" name="test_create_second_property" time="0.045" /><testcase classname="backend.tests.test_estima" name="test_compare_score" time="0.047" /><testcase classname="backend.tests.test_estima" name="test_compare_score_no_auth" time="0.043" /><testcase classname="backend.tests.test_estima" name="test_advisor_chat" time="11.017" /><testcase classname="backend.tests.test_estima" name="test_advisor_no_auth" time="0.126" /><testcase classname="backend.tests.test_estima" name="test_logout" time="0.049" /><testcase classname="backend.tests.test_estima" name="test_me_after_logout" time="0.047" /><testcase classname="backend.tests.test_estima" name="test_cleanup" time="0.386" /></testsuite></testsuites>