<?xml version="1.0" encoding="utf-8"?><testsuites name="pytest tests"><testsuite name="pytest" errors="0" failures="0" skipped="0" tests="20" time="2.597" timestamp="2026-04-18T20:30:42.304334+00:00" hostname="agent-env-8e4eff7a-f203-437c-bf63-436dfdeb94a8"><testcase classname="backend.tests.test_new_features" name="test_login_admin" time="0.533" /><testcase classname="backend.tests.test_new_features" name="test_create_prop1" time="0.055" /><testcase classname="backend.tests.test_new_features" name="test_create_prop2" time="0.065" /><testcase classname="backend.tests.test_new_features" name="test_city_presets_public" time="0.162" /><testcase classname="backend.tests.test_new_features" name="test_city_presets_fields" time="0.049" /><testcase classname="backend.tests.test_new_features" name="test_city_presets_names" time="0.063" /><testcase classname="backend.tests.test_new_features" name="test_export_csv_no_auth" time="0.051" /><testcase classname="backend.tests.test_new_features" name="test_export_csv" time="0.059" /><testcase classname="backend.tests.test_new_features" name="test_export_pdf_no_auth" time="0.052" /><testcase classname="backend.tests.test_new_features" name="test_export_pdf" time="0.057" /><testcase classname="backend.tests.test_new_features" name="test_create_share_no_auth" time="0.051" /><testcase classname="backend.tests.test_new_features" name="test_create_share" time="0.050" /><testcase classname="backend.tests.test_new_features" name="test_get_share_public" time="0.049" /><testcase classname="backend.tests.test_new_features" name="test_get_share_invalid_id" time="0.051" /><testcase classname="backend.tests.test_new_features" name="test_list_shares_auth" time="0.081" /><testcase classname="backend.tests.test_new_features" name="test_list_shares_no_auth" time="0.047" /><testcase classname="backend.tests.test_new_features" name="test_delete_share_non_owner" time="0.729" /><testcase classname="backend.tests.test_new_features" name="test_delete_share" time="0.052" /><testcase classname="backend.tests.test_new_features" name="test_get_share_after_delete" time="0.056" /><testcase classname="backend.tests.test_new_features" name="test_cleanup_properties" time="0.105" /></testsuite></testsuites>