<?xml version="1.0" encoding="utf-8"?><testsuites name="pytest tests"><testsuite name="pytest" errors="0" failures="0" skipped="1" tests="15" time="1.887" timestamp="2026-04-18T21:00:05.318040+00:00" hostname="agent-env-8e4eff7a-f203-437c-bf63-436dfdeb94a8"><testcase classname="backend.tests.test_portfolio_features.TestAuth" name="test_portfolio_summary_unauthenticated" time="0.253" /><testcase classname="backend.tests.test_portfolio_features.TestAuth" name="test_login_success" time="0.440" /><testcase classname="backend.tests.test_portfolio_features.TestPropertyOwnershipFields" name="test_create_evaluating_property_defaults" time="0.055" /><testcase classname="backend.tests.test_portfolio_features.TestPropertyOwnershipFields" name="test_create_owned_property_with_fields" time="0.060" /><testcase classname="backend.tests.test_portfolio_features.TestPropertyOwnershipFields" name="test_update_property_status_to_owned" time="0.049" /><testcase classname="backend.tests.test_portfolio_features.TestStatusFilter" name="test_get_all_properties" time="0.047" /><testcase classname="backend.tests.test_portfolio_features.TestStatusFilter" name="test_filter_owned" time="0.046" /><testcase classname="backend.tests.test_portfolio_features.TestStatusFilter" name="test_filter_evaluating" time="0.055" /><testcase classname="backend.tests.test_portfolio_features.TestPortfolioSummary" name="test_portfolio_summary_returns_correct_schema" time="0.047" /><testcase classname="backend.tests.test_portfolio_features.TestPortfolioSummary" name="test_portfolio_items_schema" time="0.044" /><testcase classname="backend.tests.test_portfolio_features.TestPortfolioSummary" name="test_portfolio_math_for_owned_property" time="0.149" /><testcase classname="backend.tests.test_portfolio_features.TestPortfolioSummary" name="test_portfolio_summary_count_positive" time="0.051" /><testcase classname="backend.tests.test_portfolio_features.TestRegression" name="test_create_property_without_owned_fields" time="0.109" /><testcase classname="backend.tests.test_portfolio_features.TestRegression" name="test_compare_score_flow" time="0.049"><skipped type="pytest.skip" message="Need at least 2 evaluating properties to test compare">/app/backend/tests/test_portfolio_features.py:217: Need at least 2 evaluating properties to test compare</skipped></testcase><testcase classname="backend.tests.test_portfolio_features.TestRegression" name="test_cleanup_test_properties" time="0.139" /></testsuite></testsuites>